<?xml version="1.0" encoding="UTF-8"?>
<testsuite xmlns:xsi="http://www.w3.org/2001/XMLSchema-instance" xsi:noNamespaceSchemaLocation="https://maven.apache.org/surefire/maven-surefire-plugin/xsd/surefire-test-report-3.0.xsd" version="3.0" name="com.demyst.testRunner.TestRunner" time="52.144" tests="5" errors="0" skipped="0" failures="1">
  <properties>
[...]
</properties>
  <testcase name="Verify HTML5 validation for invalid data #1" classname="Login test" time="9.476">
    <system-out><![CDATA[
@html
Scenario Outline: Verify HTML5 validation for invalid data    &amp#27;[90m# src/test/java/com/demyst/feature/Login.feature:11&amp#27;[0m
  &amp#27;[32mGiven &amp#27;[0m&amp#27;[32muser on the login page&amp#27;[0m                                &amp#27;[90m# com.demyst.stepDefinations.LoginPageSteps.user_on_the_login_page()&amp#27;[0m
  &amp#27;[32mWhen &amp#27;[0m&amp#27;[32muser enter email &amp#27;[0m&amp#27;[32m&amp#27;[1m""&amp#27;[0m&amp#27;[32m, password &amp#27;[0m&amp#27;[32m&amp#27;[1m""&amp#27;[0m                       &amp#27;[90m# com.demyst.stepDefinations.LoginPageSteps.userEnterEmailPassword(java.lang.String,java.lang.String)&amp#27;[0m
  &amp#27;[32mThen &amp#27;[0m&amp#27;[32mclick on the continue button&amp#27;[0m                           &amp#27;[90m# com.demyst.stepDefinations.LoginPageSteps.clickOnTheContinueButton()&amp#27;[0m
validationMessagePlease fill out this field.
  &amp#27;[32mThen &amp#27;[0m&amp#27;[32mverify the error message &amp#27;[0m&amp#27;[32m&amp#27;[1m"Please fill out this field."&amp#27;[0m &amp#27;[90m# com.demyst.stepDefinations.LoginPageSteps.verifyTheErrorMessage(java.lang.String)&amp#27;[0m
]]></system-out>
    <system-err><![CDATA[Jan 30, 2025 2:21:15 PM org.openqa.selenium.devtools.CdpVersionFinder findNearestMatch
WARNING: Unable to find an exact match for CDP version 132, returning the closest version; found: 128; Please update to a Selenium version that supports CDP version 132
SLF4J: Failed to load class "org.slf4j.impl.StaticLoggerBinder".
SLF4J: Defaulting to no-operation (NOP) logger implementation
SLF4J: See http://www.slf4j.org/codes.html#StaticLoggerBinder for further details.
]]></system-err>
  </testcase>
  <testcase name="Verify HTML5 validation for invalid data #2" classname="Login test" time="8.679">
    <failure message="expected:&lt;Please fill out this[].&gt; but was:&lt;Please fill out this[ field].&gt;" type="org.junit.ComparisonFailure"><![CDATA[org.junit.ComparisonFailure: expected:<Please fill out this[].> but was:<Please fill out this[ field].>
	at org.junit.Assert.assertEquals(Assert.java:117)
	at org.junit.Assert.assertEquals(Assert.java:146)
	at com.demyst.pages.LoginPage.verifyMessage(LoginPage.java:66)
	at com.demyst.stepDefinations.LoginPageSteps.verifyTheErrorMessage(LoginPageSteps.java:44)
	at ✽.verify the error message "Please fill out this."(file:///C:/Users/Admin/Documents/ui_demyst_automation/./src/test/java/com/demyst/feature/Login.feature:8)
]]></failure>
    <system-out><![CDATA[
@html
Scenario Outline: Verify HTML5 validation for invalid data &amp#27;[90m# src/test/java/com/demyst/feature/Login.feature:12&amp#27;[0m
  &amp#27;[32mGiven &amp#27;[0m&amp#27;[32muser on the login page&amp#27;[0m                             &amp#27;[90m# com.demyst.stepDefinations.LoginPageSteps.user_on_the_login_page()&amp#27;[0m
  &amp#27;[32mWhen &amp#27;[0m&amp#27;[32muser enter email &amp#27;[0m&amp#27;[32m&amp#27;[1m"test@gmail.com"&amp#27;[0m&amp#27;[32m, password &amp#27;[0m&amp#27;[32m&amp#27;[1m""&amp#27;[0m      &amp#27;[90m# com.demyst.stepDefinations.LoginPageSteps.userEnterEmailPassword(java.lang.String,java.lang.String)&amp#27;[0m
  &amp#27;[32mThen &amp#27;[0m&amp#27;[32mclick on the continue button&amp#27;[0m                        &amp#27;[90m# com.demyst.stepDefinations.LoginPageSteps.clickOnTheContinueButton()&amp#27;[0m
validationMessage
  &amp#27;[31mThen &amp#27;[0m&amp#27;[31mverify the error message &amp#27;[0m&amp#27;[31m&amp#27;[1m"Please fill out this."&amp#27;[0m    &amp#27;[90m# com.demyst.stepDefinations.LoginPageSteps.verifyTheErrorMessage(java.lang.String)&amp#27;[0m
      &amp#27;[31morg.junit.ComparisonFailure: expected:<Please fill out this[].> but was:<Please fill out this[ field].>
	at org.junit.Assert.assertEquals(Assert.java:117)
	at org.junit.Assert.assertEquals(Assert.java:146)
	at com.demyst.pages.LoginPage.verifyMessage(LoginPage.java:66)
	at com.demyst.stepDefinations.LoginPageSteps.verifyTheErrorMessage(LoginPageSteps.java:44)
	at âœ½.verify the error message "Please fill out this."(file:///C:/Users/Admin/Documents/ui_demyst_automation/./src/test/java/com/demyst/feature/Login.feature:8)
&amp#27;[0m

    Embedding Verify_HTML5_validation_for_invalid_data [image/png 42301 bytes]

]]></system-out>
    <system-err><![CDATA[Jan 30, 2025 2:21:24 PM org.openqa.selenium.devtools.CdpVersionFinder findNearestMatch
WARNING: Unable to find an exact match for CDP version 132, returning the closest version; found: 128; Please update to a Selenium version that supports CDP version 132
]]></system-err>
  </testcase>
  <testcase name="Verify HTML5 validation for invalid data #3" classname="Login test" time="8.542">
    <system-out><![CDATA[
@html
Scenario Outline: Verify HTML5 validation for invalid data                                              &amp#27;[90m# src/test/java/com/demyst/feature/Login.feature:13&amp#27;[0m
  &amp#27;[32mGiven &amp#27;[0m&amp#27;[32muser on the login page&amp#27;[0m                                                                          &amp#27;[90m# com.demyst.stepDefinations.LoginPageSteps.user_on_the_login_page()&amp#27;[0m
  &amp#27;[32mWhen &amp#27;[0m&amp#27;[32muser enter email &amp#27;[0m&amp#27;[32m&amp#27;[1m"test"&amp#27;[0m&amp#27;[32m, password &amp#27;[0m&amp#27;[32m&amp#27;[1m""&amp#27;[0m                                                             &amp#27;[90m# com.demyst.stepDefinations.LoginPageSteps.userEnterEmailPassword(java.lang.String,java.lang.String)&amp#27;[0m
  &amp#27;[32mThen &amp#27;[0m&amp#27;[32mclick on the continue button&amp#27;[0m                                                                     &amp#27;[90m# com.demyst.stepDefinations.LoginPageSteps.clickOnTheContinueButton()&amp#27;[0m
validationMessagePlease include an '@' in the email address. 'test' is missing an '@'.
  &amp#27;[32mThen &amp#27;[0m&amp#27;[32mverify the error message &amp#27;[0m&amp#27;[32m&amp#27;[1m"Please include an '@' in the email address. 'test' is missing an '@'."&amp#27;[0m &amp#27;[90m# com.demyst.stepDefinations.LoginPageSteps.verifyTheErrorMessage(java.lang.String)&amp#27;[0m
]]></system-out>
    <system-err><![CDATA[Jan 30, 2025 2:21:33 PM org.openqa.selenium.devtools.CdpVersionFinder findNearestMatch
WARNING: Unable to find an exact match for CDP version 132, returning the closest version; found: 128; Please update to a Selenium version that supports CDP version 132
]]></system-err>
  </testcase>
  <testcase name="Verify HTML5 validation for invalid data #4" classname="Login test" time="13.448">
    <system-out><![CDATA[
@html
Scenario Outline: Verify HTML5 validation for invalid data    &amp#27;[90m# src/test/java/com/demyst/feature/Login.feature:14&amp#27;[0m
  &amp#27;[32mGiven &amp#27;[0m&amp#27;[32muser on the login page&amp#27;[0m                                &amp#27;[90m# com.demyst.stepDefinations.LoginPageSteps.user_on_the_login_page()&amp#27;[0m
  &amp#27;[32mWhen &amp#27;[0m&amp#27;[32muser enter email &amp#27;[0m&amp#27;[32m&amp#27;[1m""&amp#27;[0m&amp#27;[32m, password &amp#27;[0m&amp#27;[32m&amp#27;[1m"test"&amp#27;[0m                   &amp#27;[90m# com.demyst.stepDefinations.LoginPageSteps.userEnterEmailPassword(java.lang.String,java.lang.String)&amp#27;[0m
  &amp#27;[32mThen &amp#27;[0m&amp#27;[32mclick on the continue button&amp#27;[0m                           &amp#27;[90m# com.demyst.stepDefinations.LoginPageSteps.clickOnTheContinueButton()&amp#27;[0m
validationMessagePlease fill out this field.
  &amp#27;[32mThen &amp#27;[0m&amp#27;[32mverify the error message &amp#27;[0m&amp#27;[32m&amp#27;[1m"Please fill out this field."&amp#27;[0m &amp#27;[90m# com.demyst.stepDefinations.LoginPageSteps.verifyTheErrorMessage(java.lang.String)&amp#27;[0m
]]></system-out>
    <system-err><![CDATA[Jan 30, 2025 2:21:41 PM org.openqa.selenium.devtools.CdpVersionFinder findNearestMatch
WARNING: Unable to find an exact match for CDP version 132, returning the closest version; found: 128; Please update to a Selenium version that supports CDP version 132
]]></system-err>
  </testcase>
  <testcase name="Verify invalid credentials error message" classname="Login test" time="11.022">
    <system-out><![CDATA[
@non-html
Scenario Outline: Verify invalid credentials error message         &amp#27;[90m# src/test/java/com/demyst/feature/Login.feature:24&amp#27;[0m
  &amp#27;[32mGiven &amp#27;[0m&amp#27;[32muser on the login page&amp#27;[0m                                     &amp#27;[90m# com.demyst.stepDefinations.LoginPageSteps.user_on_the_login_page()&amp#27;[0m
  &amp#27;[32mWhen &amp#27;[0m&amp#27;[32muser enter email &amp#27;[0m&amp#27;[32m&amp#27;[1m"uday@gmail.com"&amp#27;[0m&amp#27;[32m, password &amp#27;[0m&amp#27;[32m&amp#27;[1m"Test@1234"&amp#27;[0m     &amp#27;[90m# com.demyst.stepDefinations.LoginPageSteps.userEnterEmailPassword(java.lang.String,java.lang.String)&amp#27;[0m
  &amp#27;[32mThen &amp#27;[0m&amp#27;[32mclick on the continue button&amp#27;[0m                                &amp#27;[90m# com.demyst.stepDefinations.LoginPageSteps.clickOnTheContinueButton()&amp#27;[0m
Invalid Email or password.
  &amp#27;[32mThen &amp#27;[0m&amp#27;[32mI should see error message for &amp#27;[0m&amp#27;[32m&amp#27;[1m"Invalid Email or password."&amp#27;[0m &amp#27;[90m# com.demyst.stepDefinations.LoginPageSteps.iShouldSeeErrorMessageFor(java.lang.String)&amp#27;[0m
]]></system-out>
    <system-err><![CDATA[Jan 30, 2025 2:21:55 PM org.openqa.selenium.devtools.CdpVersionFinder findNearestMatch
WARNING: Unable to find an exact match for CDP version 132, returning the closest version; found: 128; Please update to a Selenium version that supports CDP version 132
]]></system-err>
  </testcase>
</testsuite>